[cplayer] Command line options: '-v'
[cplayer] mpv 0.35.1 Copyright © 2000-2023 mpv/MPlayer/mplayer2 projects
[cplayer]  built on UNKNOWN
[cplayer] FFmpeg library versions:
[cplayer]    libavutil       56.70.100
[cplayer]    libavcodec      58.134.100
[cplayer]    libavformat     58.76.100
[cplayer]    libswscale      5.9.100
[cplayer]    libavfilter     7.110.100
[cplayer]    libswresample   3.9.100
[cplayer] FFmpeg version: 4.4.4
[cplayer] 
[cplayer] Configuration: meson configure build -Dprefix=/usr -Dbuildtype=plain -Doptimization=plain
[cplayer] List of enabled features: alsa cdda cplayer cplugins dmabuf-interop-gl drm drm-is-kms dvdnav egl egl-drm egl-helpers egl-x11 ffmpeg gbm gl gl-x11 glibc-thread-name glob glob-posix gpl html-build iconv jpeg lcms2 libass libavdevice libdl libm libmpv-shared libplacebo libplacebo-next librt linux-fstatfs luajit manpage-build noexecstack plain-gl posix pulse shaderc stdatomic threads uchardet vdpau vdpau-gl-x11 vector vt.h vulkan x11 xv zlib
[cplayer] Built with NDEBUG.
[cplayer] Reading config file /etc/mpv/encoding-profiles.conf
[cplayer] Applying profile 'default'...
[cplayer] Reading config file /home/youngunix/.config/mpv/mpv.conf
[cplayer] Applying profile 'default'...
[cplayer] Setting option 'profile' = 'gpu-hq' (flags = 4)
[cplayer] Applying profile 'gpu-hq'...
[cplayer] Setting option 'scale' = 'spline36' (flags = 4)
[cplayer] Setting option 'cscale' = 'spline36' (flags = 4)
[cplayer] Setting option 'dscale' = 'mitchell' (flags = 4)
[cplayer] Setting option 'dither-depth' = 'auto' (flags = 4)
[cplayer] Setting option 'correct-downscaling' = 'yes' (flags = 4)
[cplayer] Setting option 'linear-downscaling' = 'yes' (flags = 4)
[cplayer] Setting option 'sigmoid-upscaling' = 'yes' (flags = 4)
[cplayer] Setting option 'deband' = 'yes' (flags = 4)
[cplayer] Setting option 'vo' = 'gpu' (flags = 4)
[cplayer] Setting option 'hwdec' = 'vdpau' (flags = 4)
[cplayer] Setting option 'deband' = 'no' (flags = 4)
[cplayer] Setting option 'cache' = 'yes' (flags = 4)
[cplayer] Setting option 'hls-bitrate' = 'max' (flags = 4)
[cplayer] Setting option 'demuxer-max-bytes' = '1000M' (flags = 4)
[cplayer] Setting option 'demuxer-max-back-bytes' = '1000M' (flags = 4)
[cplayer] Setting option 'script-opts' = 'try_ytdl_first=yes' (flags = 4)
[cplayer] Setting option 'script-opts' = 'ytdl_hook-ytdl_path=/usr/bin/yt-dlp' (flags = 4)
[cplayer] Setting option 'user-agent' = 'Mozilla/5.0 (X11; U; Unix; en-US) AppleWebKit/537.36 (KHTML, like Gecko) Chrome/113.0.5672.93 Safari/537.36 Surf/0.6' (flags = 4)
[cplayer] Setting option 'ytdl-format' = '(best[height<=1080]/bestvideo+bestaudio)' (flags = 4)
[cplayer] Setting option 'save-position-on-quit' = '' (flags = 4)
[cplayer] Setting option 'v' = '' (flags = 8)
[cplayer] mpv 0.35.1 Copyright © 2000-2023 mpv/MPlayer/mplayer2 projects
[cplayer]  built on UNKNOWN
[cplayer] FFmpeg library versions:
[cplayer]    libavutil       56.70.100
[cplayer]    libavcodec      58.134.100
[cplayer]    libavformat     58.76.100
[cplayer]    libswscale      5.9.100
[cplayer]    libavfilter     7.110.100
[cplayer]    libswresample   3.9.100
[cplayer] FFmpeg version: 4.4.4
[cplayer] 
[cplayer] Usage:   mpv [options] [url|path/]filename
[cplayer] 
[cplayer] Basic options:
[cplayer]  --start=<time>    seek to given (percent, seconds, or hh:mm:ss) position
[cplayer]  --no-audio        do not play sound
[cplayer]  --no-video        do not play video
[cplayer]  --fs              fullscreen playback
[cplayer]  --sub-file=<file> specify subtitle file to use
[cplayer]  --playlist=<file> specify playlist file
[cplayer] 
[cplayer]  --list-options    list all mpv options
[cplayer]  --h=<string>      print options which contain the given string in their name
[cplayer] 
[cplayer] Set property: shared-script-properties -> 1
[cplayer] Set property: shared-script-properties -> 1
[cplayer] Set property: shared-script-properties -> 1
